Changed directory to /home/grads/r/rishit/code/Pyfr_venv/PyFR/examples/cylindersambit.

JobID: 57885
======
Time: Fri Oct 29 16:08:17 CDT 2021
Running on master node: spitfire-ng01.spitfire.engr.tamu.edu
Current directory: /home/grads/r/rishit/code/Pyfr_venv/PyFR/examples/cylindersambit

numtasks=1, numnodes=1, mpi_tasks_per_node=1 (OMP_NUM_THREADS=)

Executing command:
==================
mpiexec --mca btl_openib_allow_ib 1 -n 1  /home/grads/r/rishit/code/Pyfr_venv/PyFR/pyfr/pyfr run -b cuda cylinder.pyfrm cylinder.ini

Traceback (most recent call last):
  File "/home/grads/r/rishit/code/Pyfr_venv/PyFR/pyfr/pyfr", line 274, in <module>
    main()
  File "/home/grads/r/rishit/code/Pyfr_venv/PyFR/pyfr/pyfr", line 117, in main
    args.process(args)
  File "/home/grads/r/rishit/code/Pyfr_venv/PyFR/pyfr/pyfr", line 251, in process_run
    _process_common(
  File "/home/grads/r/rishit/code/Pyfr_venv/PyFR/pyfr/pyfr", line 232, in _process_common
    solver = get_solver(backend, rallocs, mesh, soln, cfg)
  File "/home/grads/r/rishit/code/Pyfr_venv/lib/python3.9/site-packages/pyfr-1.12.2-py3.9.egg/pyfr/solvers/__init__.py", line 16, in get_solver
  File "/home/grads/r/rishit/code/Pyfr_venv/lib/python3.9/site-packages/pyfr-1.12.2-py3.9.egg/pyfr/integrators/__init__.py", line 36, in get_integrator
  File "/home/grads/r/rishit/code/Pyfr_venv/lib/python3.9/site-packages/pyfr-1.12.2-py3.9.egg/pyfr/integrators/dual/phys/controllers.py", line 8, in __init__
  File "/home/grads/r/rishit/code/Pyfr_venv/lib/python3.9/site-packages/pyfr-1.12.2-py3.9.egg/pyfr/integrators/dual/phys/base.py", line 23, in __init__
  File "/home/grads/r/rishit/code/Pyfr_venv/lib/python3.9/site-packages/pyfr-1.12.2-py3.9.egg/pyfr/integrators/base.py", line 83, in _get_plugins
  File "/home/grads/r/rishit/code/Pyfr_venv/lib/python3.9/site-packages/pyfr-1.12.2-py3.9.egg/pyfr/plugins/__init__.py", line 17, in get_plugin
  File "/home/grads/r/rishit/code/Pyfr_venv/lib/python3.9/site-packages/pyfr-1.12.2-py3.9.egg/pyfr/util.py", line 174, in subclass_where
    raise KeyError(f'No subclasses of {cls.__name__} with attrs == ({attrs})')
KeyError: 'No subclasses of BasePlugin with attrs == (name = walltimehistory)'
--------------------------------------------------------------------------
Primary job  terminated normally, but 1 process returned
a non-zero exit code. Per user-direction, the job has been aborted.
--------------------------------------------------------------------------
--------------------------------------------------------------------------
mpiexec detected that one or more processes exited with non-zero status, thus causing
the job to be terminated. The first process to do so was:

  Process name: [[5931,1],0]
  Exit code:    1
--------------------------------------------------------------------------
